0 info it worked if it ends with ok
1 verbose cli [ '/usr/local/bin/node',
1 verbose cli   '/usr/local/bin/npm',
1 verbose cli   'install',
1 verbose cli   '-g',
1 verbose cli   'ios-deploy' ]
2 info using npm@2.14.12
3 info using node@v4.2.4
4 verbose install initial load of /usr/local/lib/package.json
5 verbose readDependencies loading dependencies from /usr/local/lib/package.json
6 silly cache add args [ 'ios-deploy', null ]
7 verbose cache add spec ios-deploy
8 silly cache add parsed spec Result {
8 silly cache add   raw: 'ios-deploy',
8 silly cache add   scope: null,
8 silly cache add   name: 'ios-deploy',
8 silly cache add   rawSpec: '',
8 silly cache add   spec: 'latest',
8 silly cache add   type: 'tag' }
9 silly addNamed ios-deploy@latest
10 verbose addNamed "latest" is being treated as a dist-tag for ios-deploy
11 info addNameTag [ 'ios-deploy', 'latest' ]
12 silly mapToRegistry name ios-deploy
13 silly mapToRegistry using default registry
14 silly mapToRegistry registry https://registry.npmjs.org/
15 silly mapToRegistry uri https://registry.npmjs.org/ios-deploy
16 verbose addNameTag registry:https://registry.npmjs.org/ios-deploy not in flight; fetching
17 verbose request uri https://registry.npmjs.org/ios-deploy
18 verbose request no auth needed
19 info attempt registry request try #1 at 11:43:37 PM
20 verbose request id a8aa3f3ed194a3f2
21 http request GET https://registry.npmjs.org/ios-deploy
22 http 200 https://registry.npmjs.org/ios-deploy
23 verbose headers { server: 'CouchDB/1.5.0 (Erlang OTP/R16B03)',
23 verbose headers   etag: '"4CUS9875CC3DGHUBAFHHN6HOD"',
23 verbose headers   'content-type': 'application/json',
23 verbose headers   'cache-control': 'max-age=300',
23 verbose headers   'content-length': '35634',
23 verbose headers   'accept-ranges': 'bytes',
23 verbose headers   date: 'Tue, 15 Mar 2016 03:43:37 GMT',
23 verbose headers   via: '1.1 varnish',
23 verbose headers   age: '202',
23 verbose headers   connection: 'keep-alive',
23 verbose headers   'x-served-by': 'cache-atl6239-ATL',
23 verbose headers   'x-cache': 'HIT',
23 verbose headers   'x-cache-hits': '1',
23 verbose headers   'x-timer': 'S1458013417.346892,VS0,VE0',
23 verbose headers   vary: 'Accept' }
24 silly get cb [ 200,
24 silly get   { server: 'CouchDB/1.5.0 (Erlang OTP/R16B03)',
24 silly get     etag: '"4CUS9875CC3DGHUBAFHHN6HOD"',
24 silly get     'content-type': 'application/json',
24 silly get     'cache-control': 'max-age=300',
24 silly get     'content-length': '35634',
24 silly get     'accept-ranges': 'bytes',
24 silly get     date: 'Tue, 15 Mar 2016 03:43:37 GMT',
24 silly get     via: '1.1 varnish',
24 silly get     age: '202',
24 silly get     connection: 'keep-alive',
24 silly get     'x-served-by': 'cache-atl6239-ATL',
24 silly get     'x-cache': 'HIT',
24 silly get     'x-cache-hits': '1',
24 silly get     'x-timer': 'S1458013417.346892,VS0,VE0',
24 silly get     vary: 'Accept' } ]
25 verbose get saving ios-deploy to /Users/lyudison/.npm/registry.npmjs.org/ios-deploy/.cache.json
26 silly addNameTag next cb for ios-deploy with tag latest
27 silly addNamed ios-deploy@1.8.5
28 verbose addNamed "1.8.5" is a plain semver version for ios-deploy
29 silly mapToRegistry name ios-deploy
30 silly mapToRegistry using default registry
31 silly mapToRegistry registry https://registry.npmjs.org/
32 silly mapToRegistry uri https://registry.npmjs.org/ios-deploy
33 verbose addRemoteTarball https://registry.npmjs.org/ios-deploy/-/ios-deploy-1.8.5.tgz not in flight; adding
34 verbose addRemoteTarball [ 'https://registry.npmjs.org/ios-deploy/-/ios-deploy-1.8.5.tgz',
34 verbose addRemoteTarball   '0b68ea29bf23a53981c7d09238cf12ca74aa1dba' ]
35 info retry fetch attempt 1 at 11:43:37 PM
36 info attempt registry request try #1 at 11:43:37 PM
37 http fetch GET https://registry.npmjs.org/ios-deploy/-/ios-deploy-1.8.5.tgz
38 http fetch 200 https://registry.npmjs.org/ios-deploy/-/ios-deploy-1.8.5.tgz
39 silly fetchAndShaCheck shasum 0b68ea29bf23a53981c7d09238cf12ca74aa1dba
40 verbose addTmpTarball /var/folders/3w/npc6sjx16_194lqn8fc774cw0000gn/T/npm-31025-ff8b953a/registry.npmjs.org/ios-deploy/-/ios-deploy-1.8.5.tgz not in flight; adding
41 verbose addTmpTarball already have metadata; skipping unpack for ios-deploy@1.8.5
42 silly cache afterAdd ios-deploy@1.8.5
43 verbose afterAdd /Users/lyudison/.npm/ios-deploy/1.8.5/package/package.json not in flight; writing
44 verbose afterAdd /Users/lyudison/.npm/ios-deploy/1.8.5/package/package.json written
45 silly install resolved [ { name: 'ios-deploy',
45 silly install resolved     version: '1.8.5',
45 silly install resolved     os: [ 'darwin' ],
45 silly install resolved     description: 'launch iOS apps iOS devices from the command line (Xcode 7)',
45 silly install resolved     main: 'ios-deploy',
45 silly install resolved     scripts:
45 silly install resolved      { preinstall: './src/scripts/check_reqs.js && xcodebuild',
45 silly install resolved        test: 'npm run pycompile && npm run jshint && xcodebuild -target ios-deploy-lib && xcodebuild test -scheme ios-deploy-tests',
45 silly install resolved        jshint: 'node node_modules/jshint/bin/jshint src/scripts/*.js',
45 silly install resolved        pycompile: 'python -m py_compile src/scripts/*.py' },
45 silly install resolved     bin: { 'ios-deploy': './build/Release/ios-deploy' },
45 silly install resolved     repository:
45 silly install resolved      { type: 'git',
45 silly install resolved        url: 'git+https://github.com/phonegap/ios-deploy.git' },
45 silly install resolved     devDependencies: { jshint: '2.5.8' },
45 silly install resolved     keywords: [ 'ios-deploy', 'deploy to iOS device' ],
45 silly install resolved     bugs: { url: 'https://github.com/phonegap/ios-deploy/issues' },
45 silly install resolved     author: { name: 'Greg Hughes' },
45 silly install resolved     license: 'GPLv3',
45 silly install resolved     gitHead: 'c4cd7b4a555723731a8912ec02f4adeb0af6ded2',
45 silly install resolved     homepage: 'https://github.com/phonegap/ios-deploy#readme',
45 silly install resolved     _id: 'ios-deploy@1.8.5',
45 silly install resolved     _shasum: '0b68ea29bf23a53981c7d09238cf12ca74aa1dba',
45 silly install resolved     _from: 'ios-deploy@latest',
45 silly install resolved     _npmVersion: '2.11.3',
45 silly install resolved     _nodeVersion: '0.12.7',
45 silly install resolved     _npmUser: { name: 'shazron', email: 'shazron@gmail.com' },
45 silly install resolved     dist:
45 silly install resolved      { shasum: '0b68ea29bf23a53981c7d09238cf12ca74aa1dba',
45 silly install resolved        tarball: 'http://registry.npmjs.org/ios-deploy/-/ios-deploy-1.8.5.tgz' },
45 silly install resolved     maintainers: [ [Object], [Object], [Object] ],
45 silly install resolved     _npmOperationalInternal:
45 silly install resolved      { host: 'packages-6-west.internal.npmjs.com',
45 silly install resolved        tmp: 'tmp/ios-deploy-1.8.5.tgz_1454607982930_0.32560620410367846' },
45 silly install resolved     directories: {},
45 silly install resolved     _resolved: 'https://registry.npmjs.org/ios-deploy/-/ios-deploy-1.8.5.tgz' } ]
46 info install ios-deploy@1.8.5 into /usr/local/lib
47 info installOne ios-deploy@1.8.5
48 verbose installOne of ios-deploy to /usr/local/lib not in flight; installing
49 verbose lock using /Users/lyudison/.npm/_locks/ios-deploy-198957223cd98201.lock for /usr/local/lib/node_modules/ios-deploy
50 silly install write writing ios-deploy 1.8.5 to /usr/local/lib/node_modules/ios-deploy
51 verbose unbuild lib/node_modules/ios-deploy
52 silly gentlyRm /usr/local/lib/node_modules/ios-deploy is being purged from base /usr/local
53 verbose gentlyRm don't care about contents; nuking /usr/local/lib/node_modules/ios-deploy
54 verbose tar unpack /Users/lyudison/.npm/ios-deploy/1.8.5/package.tgz
55 verbose tar unpacking to /usr/local/lib/node_modules/ios-deploy
56 silly gentlyRm /usr/local/lib/node_modules/ios-deploy is being purged
57 verbose gentlyRm don't care about contents; nuking /usr/local/lib/node_modules/ios-deploy
58 silly gunzTarPerm modes [ '755', '644' ]
59 error tar.unpack untar error /Users/lyudison/.npm/ios-deploy/1.8.5/package.tgz
60 verbose unlock done using /Users/lyudison/.npm/_locks/ios-deploy-198957223cd98201.lock for /usr/local/lib/node_modules/ios-deploy
61 verbose fstream_path /usr/local/lib/node_modules/ios-deploy
62 verbose fstream_type Directory
63 verbose fstream_class DirWriter
64 verbose stack Error: EACCES: permission denied, mkdir '/usr/local/lib/node_modules/ios-deploy'
64 verbose stack     at Error (native)
65 verbose fstream_stack /usr/local/lib/node_modules/npm/node_modules/fstream/lib/dir-writer.js:35:25
65 verbose fstream_stack /usr/local/lib/node_modules/npm/node_modules/mkdirp/index.js:47:53
65 verbose fstream_stack FSReqWrap.oncomplete (fs.js:82:15)
66 verbose cwd /Users/lyudison/workspace/shitu
67 error Darwin 15.3.0
68 error argv "/usr/local/bin/node" "/usr/local/bin/npm" "install" "-g" "ios-deploy"
69 error node v4.2.4
70 error npm  v2.14.12
71 error path /usr/local/lib/node_modules/ios-deploy
72 error code EACCES
73 error errno -13
74 error syscall mkdir
75 error Error: EACCES: permission denied, mkdir '/usr/local/lib/node_modules/ios-deploy'
75 error     at Error (native)
75 error  { [Error: EACCES: permission denied, mkdir '/usr/local/lib/node_modules/ios-deploy']
75 error   errno: -13,
75 error   code: 'EACCES',
75 error   syscall: 'mkdir',
75 error   path: '/usr/local/lib/node_modules/ios-deploy',
75 error   fstream_type: 'Directory',
75 error   fstream_path: '/usr/local/lib/node_modules/ios-deploy',
75 error   fstream_class: 'DirWriter',
75 error   fstream_stack:
75 error    [ '/usr/local/lib/node_modules/npm/node_modules/fstream/lib/dir-writer.js:35:25',
75 error      '/usr/local/lib/node_modules/npm/node_modules/mkdirp/index.js:47:53',
75 error      'FSReqWrap.oncomplete (fs.js:82:15)' ] }
76 error Please try running this command again as root/Administrator.
77 verbose exit [ -13, true ]
78 verbose unbuild lib/node_modules/ios-deploy
79 silly gentlyRm /usr/local/lib/node_modules/ios-deploy is being purged from base /usr/local
80 verbose gentlyRm don't care about contents; nuking /usr/local/lib/node_modules/ios-deploy
